<?xml version="1.0" encoding="UTF-8"?>
<!-- Generated by org.testng.reporters.JUnitReportReporter -->
<testsuite skipped="0" hostname="DESKTOP-P12432T" name="WebServicesTestCases.TC6_Validating_ResposeBody_WeatherAPI" tests="1" failures="0" timestamp="17 Apr 2019 21:53:37 GMT" time="1.547" errors="0">
  <testcase name="ValidatingResponseBody" time="1.547" classname="WebServicesTestCases.TC6_Validating_ResposeBody_WeatherAPI"/>
</testsuite> <!-- WebServicesTestCases.TC6_Validating_ResposeBody_WeatherAPI -->
