<?xml version="1.0" encoding="UTF-8"?>
<!-- Generated by org.testng.reporters.JUnitReportReporter -->
<testsuite skipped="0" hostname="DESKTOP-P12432T" name="WebServicesTestCases.TC1_GET_Request" tests="1" failures="0" timestamp="17 Apr 2019 18:29:35 GMT" time="2.366" errors="0">
  <testcase name="getWeatherDetails" time="2.366" classname="WebServicesTestCases.TC1_GET_Request"/>
</testsuite> <!-- WebServicesTestCases.TC1_GET_Request -->
