<?xml version="1.0" encoding="UTF-8"?>
<!-- Generated by org.testng.reporters.JUnitReportReporter -->
<testsuite skipped="0" hostname="DESKTOP-P12432T" name="com.TestCases.TC005_Delete_Employee_Record" tests="6" failures="0" timestamp="19 May 2019 20:30:01 GMT" time="0.015" errors="0">
  <testcase name="checkResposeBody" time="0.005" classname="com.TestCases.TC005_Delete_Employee_Record"/>
  <testcase name="checkStatusCode" time="0.002" classname="com.TestCases.TC005_Delete_Employee_Record"/>
  <testcase name="checkContentType" time="0.003" classname="com.TestCases.TC005_Delete_Employee_Record"/>
  <testcase name="checkcontentEncoding" time="0.002" classname="com.TestCases.TC005_Delete_Employee_Record"/>
  <testcase name="checkstatusLine" time="0.001" classname="com.TestCases.TC005_Delete_Employee_Record"/>
  <testcase name="checkserverType" time="0.002" classname="com.TestCases.TC005_Delete_Employee_Record"/>
</testsuite> <!-- com.TestCases.TC005_Delete_Employee_Record -->
