<?xml version="1.0" encoding="UTF-8"?>
<!-- Generated by org.testng.reporters.JUnitReportReporter -->
<testsuite skipped="0" hostname="DESKTOP-P12432T" name="WebServicesTestCases.TC3_GET_ListUsers" tests="1" failures="0" timestamp="17 Apr 2019 20:15:05 GMT" time="2.208" errors="0">
  <testcase name="listUers" time="2.208" classname="WebServicesTestCases.TC3_GET_ListUsers"/>
</testsuite> <!-- WebServicesTestCases.TC3_GET_ListUsers -->
