<?xml version="1.0" encoding="UTF-8"?>
<!-- Generated by org.testng.reporters.JUnitReportReporter -->
<testsuite skipped="0" hostname="DESKTOP-P12432T" name="WebServicesTestCases.TC2_POST_Request" tests="1" failures="0" timestamp="17 Apr 2019 20:02:48 GMT" time="5.008" errors="0">
  <testcase name="registerCustomet" time="5.008" classname="WebServicesTestCases.TC2_POST_Request"/>
</testsuite> <!-- WebServicesTestCases.TC2_POST_Request -->
