<?xml version="1.0" encoding="UTF-8"?>
<!-- Generated by org.testng.reporters.JUnitReportReporter -->
<testsuite skipped="0" hostname="DESKTOP-P12432T" name="com.TestCases.TC001_Get_All_Employees" tests="9" failures="0" timestamp="19 May 2019 20:30:01 GMT" time="0.068" errors="0">
  <testcase name="checkResponseTime" time="0.003" classname="com.TestCases.TC001_Get_All_Employees"/>
  <testcase name="checkstatusLine" time="0.002" classname="com.TestCases.TC001_Get_All_Employees"/>
  <testcase name="checkContentLenght" time="0.012" classname="com.TestCases.TC001_Get_All_Employees"/>
  <testcase name="checkContentType" time="0.005" classname="com.TestCases.TC001_Get_All_Employees"/>
  <testcase name="checkcontentEncoding" time="0.002" classname="com.TestCases.TC001_Get_All_Employees"/>
  <testcase name="checkCookies" time="0.003" classname="com.TestCases.TC001_Get_All_Employees"/>
  <testcase name="checkResposeBody" time="0.028" classname="com.TestCases.TC001_Get_All_Employees"/>
  <testcase name="checkStatusCode" time="0.003" classname="com.TestCases.TC001_Get_All_Employees"/>
  <testcase name="checkserverType" time="0.010" classname="com.TestCases.TC001_Get_All_Employees"/>
</testsuite> <!-- com.TestCases.TC001_Get_All_Employees -->
