<?xml version="1.0" encoding="UTF-8"?>
<!-- Generated by org.testng.reporters.JUnitReportReporter -->
<testsuite skipped="0" hostname="DESKTOP-P12432T" name="WebServicesTestCases.TC4_ValidatingHeader_GoogleAPI" tests="1" failures="0" timestamp="17 Apr 2019 21:20:18 GMT" time="2.436" errors="0">
  <testcase name="getGoogleHeader" time="2.436" classname="WebServicesTestCases.TC4_ValidatingHeader_GoogleAPI"/>
</testsuite> <!-- WebServicesTestCases.TC4_ValidatingHeader_GoogleAPI -->
