<?xml version="1.0" encoding="UTF-8"?>
<!-- Generated by org.testng.reporters.JUnitReportReporter -->
<testsuite skipped="0" hostname="DESKTOP-P12432T" name="WebServicesTestCases.TC7_ExtractEachNodeFromResponseBody" tests="1" failures="0" timestamp="18 May 2019 17:36:01 GMT" time="2.380" errors="0">
  <testcase name="extractEachNode" time="2.380" classname="WebServicesTestCases.TC7_ExtractEachNodeFromResponseBody"/>
</testsuite> <!-- WebServicesTestCases.TC7_ExtractEachNodeFromResponseBody -->
