<?xml version="1.0" encoding="UTF-8"?>
<!-- Generated by org.testng.reporters.JUnitReportReporter -->
<testsuite skipped="0" hostname="DESKTOP-P12432T" name="WebServicesTestCases.TC6_Printing_AllHeaders" tests="1" failures="0" timestamp="17 Apr 2019 21:32:38 GMT" time="11.174" errors="0">
  <testcase name="getGoogleHeader" time="11.174" classname="WebServicesTestCases.TC6_Printing_AllHeaders"/>
</testsuite> <!-- WebServicesTestCases.TC6_Printing_AllHeaders -->
